<?xml version="1.0" encoding="UTF-8"?>
<!-- Generated by org.testng.reporters.JUnitReportReporter -->
<testsuite skipped="0" hostname="LAPTOP-P0DSSJ8D" name="TestCases.HomePageTest" tests="5" failures="0" timestamp="2020-09-25T21:57:18 IST" time="1.794" errors="0">
  <testcase name="LogoTest" time="0.079" classname="TestCases.HomePageTest"/>
  <testcase name="formClickableTest" time="0.201" classname="TestCases.HomePageTest"/>
  <testcase name="DataInputFormTest" time="0.413" classname="TestCases.HomePageTest"/>
  <testcase name="DataInputFormTest" time="0.559" classname="TestCases.HomePageTest"/>
  <testcase name="DataInputFormTest" time="0.542" classname="TestCases.HomePageTest"/>
</testsuite> <!-- TestCases.HomePageTest -->
